<?xml version="1.0" encoding="UTF-8"?>
<!-- Generated by org.testng.reporters.JUnitXMLReporter -->
<testsuite ignored="12" hostname="EGCA1-0091" failures="0" tests="5" name="Testing main Operations on MySQL database" time="0.794" errors="0" timestamp="2022-03-10T15:08:02 EET">
  <testcase classname="main.Base" name="checkSelectOperation" time="0.712"/>
  <testcase classname="main.Base" name="addResultsToLocalModel" time="0.001"/>
  <testcase classname="testcases.TC0_CheckInsertOperation" name="insertToDatabase" time="0.031"/>
  <testcase classname="testcases.TC1_CheckUpdateOperation" name="updateToDatabase" time="0.009"/>
  <testcase classname="testcases.TC2_CheckDeleteOperation" name="deleteFromDatabase" time="0.01"/>
  <testcase classname="main.Base" name="addResultsToLocalModel" time="0.0">
    <ignored/>
  </testcase> <!-- addResultsToLocalModel -->
  <testcase classname="main.Base" name="addResultsToLocalModel" time="0.0">
    <ignored/>
  </testcase> <!-- addResultsToLocalModel -->
  <testcase classname="main.Base" name="addResultsToLocalModel" time="0.0">
    <ignored/>
  </testcase> <!-- addResultsToLocalModel -->
  <testcase classname="main.Base" name="@AfterSuite terdown" time="0.0">
    <ignored/>
  </testcase> <!-- @AfterSuite terdown -->
  <testcase classname="main.Base" name="@AfterSuite terdown" time="0.0">
    <ignored/>
  </testcase> <!-- @AfterSuite terdown -->
  <testcase classname="main.Base" name="@AfterSuite terdown" time="0.0">
    <ignored/>
  </testcase> <!-- @AfterSuite terdown -->
  <testcase classname="main.Base" name="@BeforeSuite checkConnectionToMySqlDatabase" time="0.0">
    <ignored/>
  </testcase> <!-- @BeforeSuite checkConnectionToMySqlDatabase -->
  <testcase classname="main.Base" name="@BeforeSuite checkConnectionToMySqlDatabase" time="0.0">
    <ignored/>
  </testcase> <!-- @BeforeSuite checkConnectionToMySqlDatabase -->
  <testcase classname="main.Base" name="@BeforeSuite checkConnectionToMySqlDatabase" time="0.0">
    <ignored/>
  </testcase> <!-- @BeforeSuite checkConnectionToMySqlDatabase -->
  <testcase classname="main.Base" name="checkSelectOperation" time="0.0">
    <ignored/>
  </testcase> <!-- checkSelectOperation -->
  <testcase classname="main.Base" name="checkSelectOperation" time="0.0">
    <ignored/>
  </testcase> <!-- checkSelectOperation -->
  <testcase classname="main.Base" name="checkSelectOperation" time="0.0">
    <ignored/>
  </testcase> <!-- checkSelectOperation -->
</testsuite> <!-- Testing main Operations on MySQL database -->
