<?xml version="1.0" encoding="UTF-8"?>
<!-- Generated by org.testng.reporters.JUnitXMLReporter -->
<testsuite ignored="12" hostname="EGCA1-0091" failures="0" tests="5" name="Testing main Operations on MySQL database" time="1.526" errors="0" timestamp="2022-02-13T10:28:33 EET">
  <testcase classname="main.Base" name="checkSelectOperation" time="1.36"/>
  <testcase classname="main.Base" name="addResultsToLocalModel" time="0.006"/>
  <testcase classname="testcases.TC0_CheckInsertOperation" name="insertToDatabase" time="0.095"/>
  <testcase classname="testcases.TC1_CheckUpdateOperation" name="updateToDatabase" time="0.009"/>
  <testcase classname="testcases.TC2_CheckDeleteOperation" name="deleteFromDatabase" time="0.011"/>
  <testcase classname="main.Base" name="addResultsToLocalModel" time="0.0">
    <ignored/>
  </testcase> <!-- addResultsToLocalModel -->
  <testcase classname="main.Base" name="addResultsToLocalModel" time="0.0">
    <ignored/>
  </testcase> <!-- addResultsToLocalModel -->
  <testcase classname="main.Base" name="addResultsToLocalModel" time="0.0">
    <ignored/>
  </testcase> <!-- addResultsToLocalModel -->
  <testcase classname="main.Base" name="@AfterSuite terdown" time="0.0">
    <ignored/>
  </testcase> <!-- @AfterSuite terdown -->
  <testcase classname="main.Base" name="@AfterSuite terdown" time="0.0">
    <ignored/>
  </testcase> <!-- @AfterSuite terdown -->
  <testcase classname="main.Base" name="@AfterSuite terdown" time="0.0">
    <ignored/>
  </testcase> <!-- @AfterSuite terdown -->
  <testcase classname="main.Base" name="@BeforeSuite checkConnectionToMySqlDatabase" time="0.0">
    <ignored/>
  </testcase> <!-- @BeforeSuite checkConnectionToMySqlDatabase -->
  <testcase classname="main.Base" name="@BeforeSuite checkConnectionToMySqlDatabase" time="0.0">
    <ignored/>
  </testcase> <!-- @BeforeSuite checkConnectionToMySqlDatabase -->
  <testcase classname="main.Base" name="@BeforeSuite checkConnectionToMySqlDatabase" time="0.0">
    <ignored/>
  </testcase> <!-- @BeforeSuite checkConnectionToMySqlDatabase -->
  <testcase classname="main.Base" name="checkSelectOperation" time="0.0">
    <ignored/>
  </testcase> <!-- checkSelectOperation -->
  <testcase classname="main.Base" name="checkSelectOperation" time="0.0">
    <ignored/>
  </testcase> <!-- checkSelectOperation -->
  <testcase classname="main.Base" name="checkSelectOperation" time="0.0">
    <ignored/>
  </testcase> <!-- checkSelectOperation -->
</testsuite> <!-- Testing main Operations on MySQL database -->
