<?xml version="1.0" encoding="UTF-8"?>
<testng-results ignored="12" total="17" passed="5" failed="0" skipped="0">
  <reporter-output>
  </reporter-output>
  <suite started-at="2022-03-10T15:08:01 EET" name="Suite" finished-at="2022-03-10T15:08:02 EET" duration-ms="794">
    <groups>
      <group name="smoke">
        <method signature="Base.addResultsToLocalModel()[pri:2, instance:main.Base@4738a206]" name="addResultsToLocalModel" class="main.Base"/>
        <method signature="Base.checkSelectOperation()[pri:1, instance:main.Base@4738a206]" name="checkSelectOperation" class="main.Base"/>
        <method signature="TC0_CheckInsertOperation.insertToDatabase()[pri:3, instance:testcases.TC0_CheckInsertOperation@f5acb9d]" name="insertToDatabase" class="testcases.TC0_CheckInsertOperation"/>
        <method signature="TC1_CheckUpdateOperation.updateToDatabase()[pri:4, instance:testcases.TC1_CheckUpdateOperation@25fb8912]" name="updateToDatabase" class="testcases.TC1_CheckUpdateOperation"/>
        <method signature="TC2_CheckDeleteOperation.deleteFromDatabase()[pri:5, instance:testcases.TC2_CheckDeleteOperation@7c24b813]" name="deleteFromDatabase" class="testcases.TC2_CheckDeleteOperation"/>
      </group> <!-- smoke -->
    </groups>
    <test started-at="2022-03-10T15:08:01 EET" name="Testing main Operations on MySQL database" finished-at="2022-03-10T15:08:02 EET" duration-ms="794">
      <class name="testcases.TC2_CheckDeleteOperation">
        <test-method signature="deleteFromDatabase()[pri:5, instance:testcases.TC2_CheckDeleteOperation@7c24b813]" started-at="2022-03-10T15:08:02 EET" name="deleteFromDatabase" description=" Check delete from Database " finished-at="2022-03-10T15:08:02 EET" duration-ms="10" status="PASS">
          <reporter-output>
          </reporter-output>
        </test-method> <!-- deleteFromDatabase -->
      </class> <!-- testcases.TC2_CheckDeleteOperation -->
      <class name="testcases.TC1_CheckUpdateOperation">
        <test-method signature="updateToDatabase()[pri:4, instance:testcases.TC1_CheckUpdateOperation@25fb8912]" started-at="2022-03-10T15:08:02 EET" name="updateToDatabase" description=" Check update on Database " finished-at="2022-03-10T15:08:02 EET" duration-ms="9" status="PASS">
          <reporter-output>
          </reporter-output>
        </test-method> <!-- updateToDatabase -->
      </class> <!-- testcases.TC1_CheckUpdateOperation -->
      <class name="main.Base">
        <test-method is-config="true" signature="checkConnectionToMySqlDatabase()[pri:0, instance:main.Base@4738a206]" started-at="2022-03-10T15:08:01 EET" name="checkConnectionToMySqlDatabase" finished-at="2022-03-10T15:08:01 EET" duration-ms="418" status="PASS">
          <reporter-output>
          </reporter-output>
        </test-method> <!-- checkConnectionToMySqlDatabase -->
        <test-method signature="checkSelectOperation()[pri:1, instance:main.Base@4738a206]" started-at="2022-03-10T15:08:01 EET" name="checkSelectOperation" finished-at="2022-03-10T15:08:02 EET" duration-ms="712" status="PASS">
          <reporter-output>
          </reporter-output>
        </test-method> <!-- checkSelectOperation -->
        <test-method signature="addResultsToLocalModel()[pri:2, instance:main.Base@4738a206]" started-at="2022-03-10T15:08:02 EET" name="addResultsToLocalModel" finished-at="2022-03-10T15:08:02 EET" duration-ms="1" status="PASS">
          <reporter-output>
          </reporter-output>
        </test-method> <!-- addResultsToLocalModel -->
        <test-method is-config="true" signature="terdown()[pri:0, instance:main.Base@4738a206]" started-at="2022-03-10T15:08:02 EET" name="terdown" finished-at="2022-03-10T15:08:02 EET" duration-ms="2" status="PASS">
          <reporter-output>
          </reporter-output>
        </test-method> <!-- terdown -->
      </class> <!-- main.Base -->
      <class name="testcases.TC0_CheckInsertOperation">
        <test-method signature="insertToDatabase()[pri:3, instance:testcases.TC0_CheckInsertOperation@f5acb9d]" started-at="2022-03-10T15:08:02 EET" name="insertToDatabase" description=" Check insert to Database " finished-at="2022-03-10T15:08:02 EET" duration-ms="31" status="PASS">
          <reporter-output>
          </reporter-output>
        </test-method> <!-- insertToDatabase -->
      </class> <!-- testcases.TC0_CheckInsertOperation -->
    </test> <!-- Testing main Operations on MySQL database -->
  </suite> <!-- Suite -->
</testng-results>
