<?xml version="1.0" encoding="UTF-8"?>
<testng-results ignored="12" total="17" passed="5" failed="0" skipped="0">
  <reporter-output>
  </reporter-output>
  <suite started-at="2022-02-13T10:28:31 EET" name="Suite" finished-at="2022-02-13T10:28:33 EET" duration-ms="1526">
    <groups>
      <group name="smoke">
        <method signature="Base.addResultsToLocalModel()[pri:2, instance:main.Base@543588e6]" name="addResultsToLocalModel" class="main.Base"/>
        <method signature="Base.checkSelectOperation()[pri:1, instance:main.Base@543588e6]" name="checkSelectOperation" class="main.Base"/>
        <method signature="TC0_CheckInsertOperation.insertToDatabase()[pri:3, instance:testcases.TC0_CheckInsertOperation@21e360a]" name="insertToDatabase" class="testcases.TC0_CheckInsertOperation"/>
        <method signature="TC1_CheckUpdateOperation.updateToDatabase()[pri:4, instance:testcases.TC1_CheckUpdateOperation@74751b3]" name="updateToDatabase" class="testcases.TC1_CheckUpdateOperation"/>
        <method signature="TC2_CheckDeleteOperation.deleteFromDatabase()[pri:5, instance:testcases.TC2_CheckDeleteOperation@741a8937]" name="deleteFromDatabase" class="testcases.TC2_CheckDeleteOperation"/>
      </group> <!-- smoke -->
    </groups>
    <test started-at="2022-02-13T10:28:31 EET" name="Testing main Operations on MySQL database" finished-at="2022-02-13T10:28:33 EET" duration-ms="1526">
      <class name="testcases.TC1_CheckUpdateOperation">
        <test-method signature="updateToDatabase()[pri:4, instance:testcases.TC1_CheckUpdateOperation@74751b3]" started-at="2022-02-13T10:28:33 EET" name="updateToDatabase" finished-at="2022-02-13T10:28:33 EET" duration-ms="9" status="PASS">
          <reporter-output>
          </reporter-output>
        </test-method> <!-- updateToDatabase -->
      </class> <!-- testcases.TC1_CheckUpdateOperation -->
      <class name="testcases.TC2_CheckDeleteOperation">
        <test-method signature="deleteFromDatabase()[pri:5, instance:testcases.TC2_CheckDeleteOperation@741a8937]" started-at="2022-02-13T10:28:33 EET" name="deleteFromDatabase" finished-at="2022-02-13T10:28:33 EET" duration-ms="11" status="PASS">
          <reporter-output>
          </reporter-output>
        </test-method> <!-- deleteFromDatabase -->
      </class> <!-- testcases.TC2_CheckDeleteOperation -->
      <class name="main.Base">
        <test-method is-config="true" signature="checkConnectionToMySqlDatabase()[pri:0, instance:main.Base@543588e6]" started-at="2022-02-13T10:28:30 EET" name="checkConnectionToMySqlDatabase" finished-at="2022-02-13T10:28:31 EET" duration-ms="980" status="PASS">
          <reporter-output>
          </reporter-output>
        </test-method> <!-- checkConnectionToMySqlDatabase -->
        <test-method signature="checkSelectOperation()[pri:1, instance:main.Base@543588e6]" started-at="2022-02-13T10:28:31 EET" name="checkSelectOperation" finished-at="2022-02-13T10:28:33 EET" duration-ms="1360" status="PASS">
          <reporter-output>
          </reporter-output>
        </test-method> <!-- checkSelectOperation -->
        <test-method signature="addResultsToLocalModel()[pri:2, instance:main.Base@543588e6]" started-at="2022-02-13T10:28:33 EET" name="addResultsToLocalModel" finished-at="2022-02-13T10:28:33 EET" duration-ms="6" status="PASS">
          <reporter-output>
          </reporter-output>
        </test-method> <!-- addResultsToLocalModel -->
        <test-method is-config="true" signature="terdown()[pri:0, instance:main.Base@543588e6]" started-at="2022-02-13T10:28:33 EET" name="terdown" finished-at="2022-02-13T10:28:33 EET" duration-ms="3" status="PASS">
          <reporter-output>
          </reporter-output>
        </test-method> <!-- terdown -->
      </class> <!-- main.Base -->
      <class name="testcases.TC0_CheckInsertOperation">
        <test-method signature="insertToDatabase()[pri:3, instance:testcases.TC0_CheckInsertOperation@21e360a]" started-at="2022-02-13T10:28:33 EET" name="insertToDatabase" finished-at="2022-02-13T10:28:33 EET" duration-ms="95" status="PASS">
          <reporter-output>
          </reporter-output>
        </test-method> <!-- insertToDatabase -->
      </class> <!-- testcases.TC0_CheckInsertOperation -->
    </test> <!-- Testing main Operations on MySQL database -->
  </suite> <!-- Suite -->
</testng-results>
